C:\USERS\USER\DOCUMENTS\VISUAL STUDIO 2010\PROJECTS\SYNTHESIZER-MASTER\SYNTHESIZER-MASTER\DEBUG\SYNTHIE.EXE
C:\USERS\USER\DOCUMENTS\VISUAL STUDIO 2010\PROJECTS\SYNTHESIZER-MASTER\SYNTHESIZER-MASTER\DEBUG\SYNTHIE.ILK
C:\USERS\USER\DOCUMENTS\VISUAL STUDIO 2010\PROJECTS\SYNTHESIZER-MASTER\SYNTHESIZER-MASTER\DEBUG\SYNTHIE.PDB
C:\USERS\USER\DOCUMENTS\VISUAL STUDIO 2010\PROJECTS\SYNTHESIZER-MASTER\SYNTHESIZER-MASTER\SYNTHIE\DEBUG\AR.OBJ
C:\USERS\USER\DOCUMENTS\VISUAL STUDIO 2010\PROJECTS\SYNTHESIZER-MASTER\SYNTHESIZER-MASTER\SYNTHIE\DEBUG\AUDIONODE.OBJ
C:\USERS\USER\DOCUMENTS\VISUAL STUDIO 2010\PROJECTS\SYNTHESIZER-MASTER\SYNTHESIZER-MASTER\SYNTHIE\DEBUG\AUDIOPROCESSNODE.OBJ
C:\USERS\USER\DOCUMENTS\VISUAL STUDIO 2010\PROJECTS\SYNTHESIZER-MASTER\SYNTHESIZER-MASTER\SYNTHIE\DEBUG\CHORUS.OBJ
C:\Users\User\Documents\Visual Studio 2010\Projects\synthesizer-master\synthesizer-master\Synthie\Debug\cl.command.1.tlog
C:\Users\User\Documents\Visual Studio 2010\Projects\synthesizer-master\synthesizer-master\Synthie\Debug\CL.read.1.tlog
C:\Users\User\Documents\Visual Studio 2010\Projects\synthesizer-master\synthesizer-master\Synthie\Debug\CL.write.1.tlog
C:\USERS\USER\DOCUMENTS\VISUAL STUDIO 2010\PROJECTS\SYNTHESIZER-MASTER\SYNTHESIZER-MASTER\SYNTHIE\DEBUG\DIRSOUND.OBJ
C:\USERS\USER\DOCUMENTS\VISUAL STUDIO 2010\PROJECTS\SYNTHESIZER-MASTER\SYNTHESIZER-MASTER\SYNTHIE\DEBUG\DIRSOUNDSOURCE.OBJ
C:\USERS\USER\DOCUMENTS\VISUAL STUDIO 2010\PROJECTS\SYNTHESIZER-MASTER\SYNTHESIZER-MASTER\SYNTHIE\DEBUG\DIRSOUNDSTREAM.OBJ
C:\USERS\USER\DOCUMENTS\VISUAL STUDIO 2010\PROJECTS\SYNTHESIZER-MASTER\SYNTHESIZER-MASTER\SYNTHIE\DEBUG\INSTRUMENT.OBJ
C:\Users\User\Documents\Visual Studio 2010\Projects\synthesizer-master\synthesizer-master\Synthie\Debug\link.29332.read.1.tlog
C:\Users\User\Documents\Visual Studio 2010\Projects\synthesizer-master\synthesizer-master\Synthie\Debug\link.29332.write.1.tlog
C:\Users\User\Documents\Visual Studio 2010\Projects\synthesizer-master\synthesizer-master\Synthie\Debug\link.29332-cvtres.read.1.tlog
C:\Users\User\Documents\Visual Studio 2010\Projects\synthesizer-master\synthesizer-master\Synthie\Debug\link.29332-cvtres.write.1.tlog
C:\Users\User\Documents\Visual Studio 2010\Projects\synthesizer-master\synthesizer-master\Synthie\Debug\link.command.1.tlog
C:\Users\User\Documents\Visual Studio 2010\Projects\synthesizer-master\synthesizer-master\Synthie\Debug\link.read.1.tlog
C:\Users\User\Documents\Visual Studio 2010\Projects\synthesizer-master\synthesizer-master\Synthie\Debug\link.write.1.tlog
C:\Users\User\Documents\Visual Studio 2010\Projects\synthesizer-master\synthesizer-master\Synthie\Debug\link-cvtres.read.1.tlog
C:\Users\User\Documents\Visual Studio 2010\Projects\synthesizer-master\synthesizer-master\Synthie\Debug\link-cvtres.write.1.tlog
C:\USERS\USER\DOCUMENTS\VISUAL STUDIO 2010\PROJECTS\SYNTHESIZER-MASTER\SYNTHESIZER-MASTER\SYNTHIE\DEBUG\MAINFRM.OBJ
C:\Users\User\Documents\Visual Studio 2010\Projects\synthesizer-master\synthesizer-master\Synthie\Debug\mt.command.1.tlog
C:\Users\User\Documents\Visual Studio 2010\Projects\synthesizer-master\synthesizer-master\Synthie\Debug\mt.read.1.tlog
C:\Users\User\Documents\Visual Studio 2010\Projects\synthesizer-master\synthesizer-master\Synthie\Debug\mt.write.1.tlog
C:\USERS\USER\DOCUMENTS\VISUAL STUDIO 2010\PROJECTS\SYNTHESIZER-MASTER\SYNTHESIZER-MASTER\SYNTHIE\DEBUG\NOTE.OBJ
C:\USERS\USER\DOCUMENTS\VISUAL STUDIO 2010\PROJECTS\SYNTHESIZER-MASTER\SYNTHESIZER-MASTER\SYNTHIE\DEBUG\NOTES.OBJ
C:\USERS\USER\DOCUMENTS\VISUAL STUDIO 2010\PROJECTS\SYNTHESIZER-MASTER\SYNTHESIZER-MASTER\SYNTHIE\DEBUG\PROGRESS.OBJ
C:\USERS\USER\DOCUMENTS\VISUAL STUDIO 2010\PROJECTS\SYNTHESIZER-MASTER\SYNTHESIZER-MASTER\SYNTHIE\DEBUG\PROGRESSDLG.OBJ
C:\Users\User\Documents\Visual Studio 2010\Projects\synthesizer-master\synthesizer-master\Synthie\Debug\rc.command.1.tlog
C:\Users\User\Documents\Visual Studio 2010\Projects\synthesizer-master\synthesizer-master\Synthie\Debug\rc.read.1.tlog
C:\Users\User\Documents\Visual Studio 2010\Projects\synthesizer-master\synthesizer-master\Synthie\Debug\rc.write.1.tlog
C:\USERS\USER\DOCUMENTS\VISUAL STUDIO 2010\PROJECTS\SYNTHESIZER-MASTER\SYNTHESIZER-MASTER\SYNTHIE\DEBUG\SINEWAVE.OBJ
C:\USERS\USER\DOCUMENTS\VISUAL STUDIO 2010\PROJECTS\SYNTHESIZER-MASTER\SYNTHESIZER-MASTER\SYNTHIE\DEBUG\STDAFX.OBJ
C:\USERS\USER\DOCUMENTS\VISUAL STUDIO 2010\PROJECTS\SYNTHESIZER-MASTER\SYNTHESIZER-MASTER\SYNTHIE\DEBUG\SYNTHESIZER.OBJ
C:\USERS\USER\DOCUMENTS\VISUAL STUDIO 2010\PROJECTS\SYNTHESIZER-MASTER\SYNTHESIZER-MASTER\SYNTHIE\DEBUG\SYNTHIE.EXE.EMBED.MANIFEST
C:\USERS\USER\DOCUMENTS\VISUAL STUDIO 2010\PROJECTS\SYNTHESIZER-MASTER\SYNTHESIZER-MASTER\SYNTHIE\DEBUG\SYNTHIE.EXE.EMBED.MANIFEST.RES
C:\USERS\USER\DOCUMENTS\VISUAL STUDIO 2010\PROJECTS\SYNTHESIZER-MASTER\SYNTHESIZER-MASTER\SYNTHIE\DEBUG\SYNTHIE.EXE.INTERMEDIATE.MANIFEST
C:\USERS\USER\DOCUMENTS\VISUAL STUDIO 2010\PROJECTS\SYNTHESIZER-MASTER\SYNTHESIZER-MASTER\SYNTHIE\DEBUG\SYNTHIE.OBJ
C:\USERS\USER\DOCUMENTS\VISUAL STUDIO 2010\PROJECTS\SYNTHESIZER-MASTER\SYNTHESIZER-MASTER\SYNTHIE\DEBUG\SYNTHIE.PCH
C:\USERS\USER\DOCUMENTS\VISUAL STUDIO 2010\PROJECTS\SYNTHESIZER-MASTER\SYNTHESIZER-MASTER\SYNTHIE\DEBUG\SYNTHIE.RES
C:\Users\User\Documents\Visual Studio 2010\Projects\synthesizer-master\synthesizer-master\Synthie\Debug\Synthie.vcxprojResolveAssemblyReference.cache
C:\Users\User\Documents\Visual Studio 2010\Projects\synthesizer-master\synthesizer-master\Synthie\Debug\Synthie.write.1.tlog
C:\Users\User\Documents\Visual Studio 2010\Projects\synthesizer-master\synthesizer-master\Synthie\Debug\Synthie_manifest.rc
C:\USERS\USER\DOCUMENTS\VISUAL STUDIO 2010\PROJECTS\SYNTHESIZER-MASTER\SYNTHESIZER-MASTER\SYNTHIE\DEBUG\SYNTHIEVIEW.OBJ
C:\USERS\USER\DOCUMENTS\VISUAL STUDIO 2010\PROJECTS\SYNTHESIZER-MASTER\SYNTHESIZER-MASTER\SYNTHIE\DEBUG\TONEINSTRUMENT.OBJ
C:\Users\User\Documents\Visual Studio 2010\Projects\synthesizer-master\synthesizer-master\Synthie\Debug\vc100.idb
C:\USERS\USER\DOCUMENTS\VISUAL STUDIO 2010\PROJECTS\SYNTHESIZER-MASTER\SYNTHESIZER-MASTER\SYNTHIE\DEBUG\VC100.PDB
C:\USERS\USER\DOCUMENTS\VISUAL STUDIO 2010\PROJECTS\SYNTHESIZER-MASTER\SYNTHESIZER-MASTER\SYNTHIE\DEBUG\WAVE.OBJ
C:\USERS\USER\DOCUMENTS\VISUAL STUDIO 2010\PROJECTS\SYNTHESIZER-MASTER\SYNTHESIZER-MASTER\SYNTHIE\DEBUG\WAVEFORMBUFFER.OBJ
C:\USERS\USER\DOCUMENTS\VISUAL STUDIO 2010\PROJECTS\SYNTHESIZER-MASTER\SYNTHESIZER-MASTER\SYNTHIE\DEBUG\WAVEFORMWND.OBJ
